\BOOKMARK [0][-]{chapter.1}{Introduction }{}% 1
\BOOKMARK [1][-]{section.1.1}{What is DIFFEV ?}{chapter.1}% 2
\BOOKMARK [1][-]{section.1.2}{What is new ? }{chapter.1}% 3
\BOOKMARK [1][-]{section.1.3}{Getting started }{chapter.1}% 4
\BOOKMARK [1][-]{section.1.4}{Command language}{chapter.1}% 5
\BOOKMARK [0][-]{chapter.2}{Differential Evolutionary Algorithm }{}% 6
\BOOKMARK [1][-]{section.2.1}{Refinement via evolutionary algorithms }{chapter.2}% 7
\BOOKMARK [1][-]{section.2.2}{The differential evolutionary algorithm }{chapter.2}% 8
\BOOKMARK [1][-]{section.2.3}{Termination criteria }{chapter.2}% 9
\BOOKMARK [1][-]{section.2.4}{Optimizing the performance }{chapter.2}% 10
\BOOKMARK [2][-]{subsection.2.4.1}{Population size}{section.2.4}% 11
\BOOKMARK [2][-]{subsection.2.4.2}{Scale factor and cross over probability}{section.2.4}% 12
\BOOKMARK [2][-]{subsection.2.4.3}{Local search probability}{section.2.4}% 13
\BOOKMARK [1][-]{section.2.5}{Invoking the slave program }{chapter.2}% 14
\BOOKMARK [2][-]{subsection.2.5.1}{Parallel Refinement via evolutionary algorithms }{section.2.5}% 15
\BOOKMARK [2][-]{subsection.2.5.2}{Computational aspects of parallel refinement }{section.2.5}% 16
\BOOKMARK [0][-]{chapter.3}{Example refinements }{}% 17
\BOOKMARK [1][-]{section.3.1}{Nanoparticle refinement}{chapter.3}% 18
\BOOKMARK [1][-]{section.3.2}{Noisy example function}{chapter.3}% 19
\BOOKMARK [0][-]{appendix.A}{DIFFEV commands}{}% 20
\BOOKMARK [1][-]{section.A.1}{News}{appendix.A}% 21
\BOOKMARK [1][-]{section.A.2}{Synopsis}{appendix.A}% 22
\BOOKMARK [1][-]{section.A.3}{Description}{appendix.A}% 23
\BOOKMARK [1][-]{section.A.4}{allocate}{appendix.A}% 24
\BOOKMARK [1][-]{section.A.5}{adapt}{appendix.A}% 25
\BOOKMARK [1][-]{section.A.6}{backup}{appendix.A}% 26
\BOOKMARK [1][-]{section.A.7}{branch}{appendix.A}% 27
\BOOKMARK [1][-]{section.A.8}{compare}{appendix.A}% 28
\BOOKMARK [1][-]{section.A.9}{constraint}{appendix.A}% 29
\BOOKMARK [1][-]{section.A.10}{deallocate}{appendix.A}% 30
\BOOKMARK [1][-]{section.A.11}{dismiss}{appendix.A}% 31
\BOOKMARK [1][-]{section.A.12}{donor}{appendix.A}% 32
\BOOKMARK [1][-]{section.A.13}{fix}{appendix.A}% 33
\BOOKMARK [1][-]{section.A.14}{functions}{appendix.A}% 34
\BOOKMARK [1][-]{section.A.15}{initialize}{appendix.A}% 35
\BOOKMARK [1][-]{section.A.16}{lastfile}{appendix.A}% 36
\BOOKMARK [1][-]{section.A.17}{logfile}{appendix.A}% 37
\BOOKMARK [1][-]{section.A.18}{newparam}{appendix.A}% 38
\BOOKMARK [1][-]{section.A.19}{read}{appendix.A}% 39
\BOOKMARK [1][-]{section.A.20}{refine}{appendix.A}% 40
\BOOKMARK [1][-]{section.A.21}{reset}{appendix.A}% 41
\BOOKMARK [1][-]{section.A.22}{summary}{appendix.A}% 42
\BOOKMARK [1][-]{section.A.23}{restrial}{appendix.A}% 43
\BOOKMARK [1][-]{section.A.24}{run\137mpi}{appendix.A}% 44
\BOOKMARK [1][-]{section.A.25}{selection}{appendix.A}% 45
\BOOKMARK [1][-]{section.A.26}{trialfile}{appendix.A}% 46
\BOOKMARK [1][-]{section.A.27}{type}{appendix.A}% 47
\BOOKMARK [1][-]{section.A.28}{variables}{appendix.A}% 48
\BOOKMARK [1][-]{section.A.29}{write}{appendix.A}% 49
\BOOKMARK [0][-]{section.A.29}{Bibliography}{}% 50
