\BOOKMARK [0][-]{chapter.1}{Welcome}{}% 1
\BOOKMARK [1][-]{section.1.1}{Getting started}{chapter.1}% 2
\BOOKMARK [2][-]{subsection.1.1.1}{Windows}{section.1.1}% 3
\BOOKMARK [2][-]{subsection.1.1.2}{Linux}{section.1.1}% 4
\BOOKMARK [1][-]{section.1.2}{Command language overview}{chapter.1}% 5
\BOOKMARK [2][-]{subsection.1.2.1}{Help}{section.1.2}% 6
\BOOKMARK [2][-]{subsection.1.2.2}{Main commands}{section.1.2}% 7
\BOOKMARK [2][-]{subsection.1.2.3}{Interrupt}{section.1.2}% 8
\BOOKMARK [0][-]{chapter.2}{FORTRAN style interpreter }{}% 9
\BOOKMARK [1][-]{section.2.1}{Variables }{chapter.2}% 10
\BOOKMARK [1][-]{section.2.2}{Arithmetic expressions }{chapter.2}% 11
\BOOKMARK [1][-]{section.2.3}{Logical expressions }{chapter.2}% 12
\BOOKMARK [1][-]{section.2.4}{Character expressions}{chapter.2}% 13
\BOOKMARK [1][-]{section.2.5}{Intrinsic functions }{chapter.2}% 14
\BOOKMARK [1][-]{section.2.6}{Intrinsic commands }{chapter.2}% 15
\BOOKMARK [1][-]{section.2.7}{Loops }{chapter.2}% 16
\BOOKMARK [1][-]{section.2.8}{Conditional statements }{chapter.2}% 17
\BOOKMARK [1][-]{section.2.9}{Filenames }{chapter.2}% 18
\BOOKMARK [1][-]{section.2.10}{Macros }{chapter.2}% 19
\BOOKMARK [1][-]{section.2.11}{Working with files }{chapter.2}% 20
\BOOKMARK [1][-]{section.2.12}{Remote control}{chapter.2}% 21
\BOOKMARK [0][-]{chapter.3}{Installation }{}% 22
\BOOKMARK [1][-]{section.3.1}{Windows }{chapter.3}% 23
\BOOKMARK [2][-]{subsection.3.1.1}{Discus and CYGWIN}{section.3.1}% 24
\BOOKMARK [1][-]{section.3.2}{Mac OSX}{chapter.3}% 25
\BOOKMARK [1][-]{section.3.3}{Unix / Linux }{chapter.3}% 26
\BOOKMARK [0][-]{chapter.4}{COMMON commands}{}% 27
\BOOKMARK [1][-]{section.4.1}{News}{chapter.4}% 28
\BOOKMARK [1][-]{section.4.2}{Options}{chapter.4}% 29
\BOOKMARK [1][-]{section.4.3}{\043}{chapter.4}% 30
\BOOKMARK [1][-]{section.4.4}{@}{chapter.4}% 31
\BOOKMARK [1][-]{section.4.5}{=}{chapter.4}% 32
\BOOKMARK [1][-]{section.4.6}{input}{chapter.4}% 33
\BOOKMARK [1][-]{section.4.7}{break}{chapter.4}% 34
\BOOKMARK [1][-]{section.4.8}{cd}{chapter.4}% 35
\BOOKMARK [1][-]{section.4.9}{continue}{chapter.4}% 36
\BOOKMARK [1][-]{section.4.10}{do}{chapter.4}% 37
\BOOKMARK [1][-]{section.4.11}{echo}{chapter.4}% 38
\BOOKMARK [1][-]{section.4.12}{eval}{chapter.4}% 39
\BOOKMARK [1][-]{section.4.13}{exit}{chapter.4}% 40
\BOOKMARK [1][-]{section.4.14}{expressions}{chapter.4}% 41
\BOOKMARK [1][-]{section.4.15}{filenames}{chapter.4}% 42
\BOOKMARK [1][-]{section.4.16}{fclose}{chapter.4}% 43
\BOOKMARK [1][-]{section.4.17}{fend}{chapter.4}% 44
\BOOKMARK [1][-]{section.4.18}{fexist}{chapter.4}% 45
\BOOKMARK [1][-]{section.4.19}{fformat}{chapter.4}% 46
\BOOKMARK [1][-]{section.4.20}{fget}{chapter.4}% 47
\BOOKMARK [1][-]{section.4.21}{fopen}{chapter.4}% 48
\BOOKMARK [1][-]{section.4.22}{fput}{chapter.4}% 49
\BOOKMARK [1][-]{section.4.23}{fsub}{chapter.4}% 50
\BOOKMARK [1][-]{section.4.24}{functions}{chapter.4}% 51
\BOOKMARK [1][-]{section.4.25}{help}{chapter.4}% 52
\BOOKMARK [1][-]{section.4.26}{if}{chapter.4}% 53
\BOOKMARK [1][-]{section.4.27}{learn}{chapter.4}% 54
\BOOKMARK [1][-]{section.4.28}{lend}{chapter.4}% 55
\BOOKMARK [1][-]{section.4.29}{manual}{chapter.4}% 56
\BOOKMARK [1][-]{section.4.30}{seed}{chapter.4}% 57
\BOOKMARK [1][-]{section.4.31}{matrix}{chapter.4}% 58
\BOOKMARK [1][-]{section.4.32}{set}{chapter.4}% 59
\BOOKMARK [1][-]{section.4.33}{show}{chapter.4}% 60
\BOOKMARK [1][-]{section.4.34}{sleep}{chapter.4}% 61
\BOOKMARK [1][-]{section.4.35}{socket}{chapter.4}% 62
\BOOKMARK [1][-]{section.4.36}{stop}{chapter.4}% 63
\BOOKMARK [1][-]{section.4.37}{system}{chapter.4}% 64
\BOOKMARK [1][-]{section.4.38}{wait}{chapter.4}% 65
\BOOKMARK [1][-]{section.4.39}{variable}{chapter.4}% 66
\BOOKMARK [1][-]{section.4.40}{errors}{chapter.4}% 67
