\BOOKMARK [0][-]{chapter.1}{Introduction }{}% 1
\BOOKMARK [1][-]{section.1.1}{What is DISCUS\137SUITE ?}{chapter.1}% 2
\BOOKMARK [1][-]{section.1.2}{Getting started }{chapter.1}% 3
\BOOKMARK [2][-]{subsection.1.2.1}{Windows}{section.1.2}% 4
\BOOKMARK [2][-]{subsection.1.2.2}{Linux}{section.1.2}% 5
\BOOKMARK [1][-]{section.1.3}{Parallel execution }{chapter.1}% 6
\BOOKMARK [1][-]{section.1.4}{Command language}{chapter.1}% 7
\BOOKMARK [0][-]{chapter.2}{Concepts }{}% 8
\BOOKMARK [1][-]{section.2.1}{Quick overview }{chapter.2}% 9
\BOOKMARK [1][-]{section.2.2}{Modified concepts}{chapter.2}% 10
\BOOKMARK [2][-]{subsection.2.2.1}{Diffev}{section.2.2}% 11
\BOOKMARK [2][-]{subsection.2.2.2}{Discus}{section.2.2}% 12
\BOOKMARK [2][-]{subsection.2.2.3}{Kuplot}{section.2.2}% 13
\BOOKMARK [0][-]{chapter.3}{Example }{}% 14
\BOOKMARK [1][-]{section.3.1}{Parallel refinement }{chapter.3}% 15
\BOOKMARK [0][-]{appendix.A}{SUITE commands}{}% 16
\BOOKMARK [1][-]{section.A.1}{Summary}{appendix.A}% 17
\BOOKMARK [1][-]{section.A.2}{News}{appendix.A}% 18
\BOOKMARK [1][-]{section.A.3}{diffev}{appendix.A}% 19
\BOOKMARK [1][-]{section.A.4}{discus}{appendix.A}% 20
\BOOKMARK [1][-]{section.A.5}{kuplot}{appendix.A}% 21
\BOOKMARK [1][-]{section.A.6}{parallel}{appendix.A}% 22
\BOOKMARK [1][-]{section.A.7}{manual}{appendix.A}% 23
\BOOKMARK [0][-]{section.A.7}{Bibliography}{}% 24
