\BOOKMARK [0][-]{chapter.1}{Introduction}{}% 1
\BOOKMARK [1][-]{section.1.1}{What is DISCUS ?}{chapter.1}% 2
\BOOKMARK [1][-]{section.1.2}{Getting started }{chapter.1}% 3
\BOOKMARK [0][-]{chapter.2}{Creating structures }{}% 4
\BOOKMARK [1][-]{section.2.1}{Reading structure files }{chapter.2}% 5
\BOOKMARK [2][-]{subsection.2.1.1}{Structure file format }{section.2.1}% 6
\BOOKMARK [2][-]{subsection.2.1.2}{Using molecules }{section.2.1}% 7
\BOOKMARK [2][-]{subsection.2.1.3}{Using occupancies }{section.2.1}% 8
\BOOKMARK [1][-]{section.2.2}{Freely generated structure }{chapter.2}% 9
\BOOKMARK [1][-]{section.2.3}{Internal storage of a structure }{chapter.2}% 10
\BOOKMARK [1][-]{section.2.4}{Saving structures }{chapter.2}% 11
\BOOKMARK [1][-]{section.2.5}{Exporting structures }{chapter.2}% 12
\BOOKMARK [1][-]{section.2.6}{Importing structures }{chapter.2}% 13
\BOOKMARK [1][-]{section.2.7}{Plotting / Visualization }{chapter.2}% 14
\BOOKMARK [1][-]{section.2.8}{Properties }{chapter.2}% 15
\BOOKMARK [1][-]{section.2.9}{Connectivity }{chapter.2}% 16
\BOOKMARK [0][-]{chapter.3}{Fourier transform }{}% 17
\BOOKMARK [1][-]{section.3.1}{Calculating scattering intensities }{chapter.3}% 18
\BOOKMARK [1][-]{section.3.2}{Powder diffraction }{chapter.3}% 19
\BOOKMARK [1][-]{section.3.3}{Fourier methods }{chapter.3}% 20
\BOOKMARK [1][-]{section.3.4}{Output file formats }{chapter.3}% 21
\BOOKMARK [0][-]{chapter.4}{Crystallography }{}% 22
\BOOKMARK [1][-]{section.4.1}{Crystallographic calculations }{chapter.4}% 23
\BOOKMARK [1][-]{section.4.2}{Generalized symmetry operations }{chapter.4}% 24
\BOOKMARK [1][-]{section.4.3}{Generalized shear operations }{chapter.4}% 25
\BOOKMARK [1][-]{section.4.4}{Unit cell transformations }{chapter.4}% 26
\BOOKMARK [0][-]{chapter.5}{Simple crystal modifications }{}% 27
\BOOKMARK [1][-]{section.5.1}{Modifications using variables }{chapter.5}% 28
\BOOKMARK [1][-]{section.5.2}{Build in functions }{chapter.5}% 29
\BOOKMARK [1][-]{section.5.3}{Inserting extended objects }{chapter.5}% 30
\BOOKMARK [2][-]{subsection.5.3.1}{Inserting domains }{section.5.3}% 31
\BOOKMARK [0][-]{chapter.6}{Build in defect models }{}% 32
\BOOKMARK [1][-]{section.6.1}{Thermal displacements }{chapter.6}% 33
\BOOKMARK [1][-]{section.6.2}{Modulations }{chapter.6}% 34
\BOOKMARK [1][-]{section.6.3}{Domains }{chapter.6}% 35
\BOOKMARK [1][-]{section.6.4}{Stacking faults }{chapter.6}% 36
\BOOKMARK [1][-]{section.6.5}{Surfaces }{chapter.6}% 37
\BOOKMARK [1][-]{section.6.6}{Decorating Surfaces }{chapter.6}% 38
\BOOKMARK [0][-]{chapter.7}{Analyzing defect structures }{}% 39
\BOOKMARK [1][-]{section.7.1}{Occupancies }{chapter.7}% 40
\BOOKMARK [1][-]{section.7.2}{Distortions }{chapter.7}% 41
\BOOKMARK [1][-]{section.7.3}{Correlations }{chapter.7}% 42
\BOOKMARK [1][-]{section.7.4}{Bond valence sums }{chapter.7}% 43
\BOOKMARK [1][-]{section.7.5}{Other tools }{chapter.7}% 44
\BOOKMARK [0][-]{chapter.8}{Monte Carlo simulation }{}% 45
\BOOKMARK [1][-]{section.8.1}{Occupational disorder }{chapter.8}% 46
\BOOKMARK [1][-]{section.8.2}{Displacement disorder }{chapter.8}% 47
\BOOKMARK [1][-]{section.8.3}{Creating distortions }{chapter.8}% 48
\BOOKMARK [1][-]{section.8.4}{Working with molecules }{chapter.8}% 49
\BOOKMARK [0][-]{chapter.9}{Atomic pair distribution function }{}% 50
\BOOKMARK [1][-]{section.9.1}{Calculating the PDF }{chapter.9}% 51
\BOOKMARK [1][-]{section.9.2}{Refining a PDF }{chapter.9}% 52
\BOOKMARK [0][-]{chapter.10}{Reverse Monte Carlo }{}% 53
\BOOKMARK [1][-]{section.10.1}{Introduction }{chapter.10}% 54
\BOOKMARK [1][-]{section.10.2}{RMC in more detail }{chapter.10}% 55
\BOOKMARK [1][-]{section.10.3}{Setting up a model crystal }{chapter.10}% 56
\BOOKMARK [1][-]{section.10.4}{Operation modes }{chapter.10}% 57
\BOOKMARK [1][-]{section.10.5}{Running RMC }{chapter.10}% 58
\BOOKMARK [0][-]{appendix.A}{DISCUS commands}{}% 59
\BOOKMARK [1][-]{section.A.1}{Summary}{appendix.A}% 60
\BOOKMARK [1][-]{section.A.2}{News}{appendix.A}% 61
\BOOKMARK [1][-]{section.A.3}{2018\137July}{appendix.A}% 62
\BOOKMARK [1][-]{section.A.4}{Unit\137cell}{appendix.A}% 63
\BOOKMARK [1][-]{section.A.5}{addf}{appendix.A}% 64
\BOOKMARK [1][-]{section.A.6}{append}{appendix.A}% 65
\BOOKMARK [1][-]{section.A.7}{asym}{appendix.A}% 66
\BOOKMARK [1][-]{section.A.8}{boundary}{appendix.A}% 67
\BOOKMARK [1][-]{section.A.9}{branch}{appendix.A}% 68
\BOOKMARK [1][-]{section.A.10}{change}{appendix.A}% 69
\BOOKMARK [1][-]{section.A.11}{chemistry}{appendix.A}% 70
\BOOKMARK [1][-]{section.A.12}{connectivity}{appendix.A}% 71
\BOOKMARK [1][-]{section.A.13}{copy}{appendix.A}% 72
\BOOKMARK [1][-]{section.A.14}{export}{appendix.A}% 73
\BOOKMARK [1][-]{section.A.15}{d2r}{appendix.A}% 74
\BOOKMARK [1][-]{section.A.16}{decorate}{appendix.A}% 75
\BOOKMARK [1][-]{section.A.17}{define}{appendix.A}% 76
\BOOKMARK [1][-]{section.A.18}{diff-four}{appendix.A}% 77
\BOOKMARK [1][-]{section.A.19}{domain}{appendix.A}% 78
\BOOKMARK [1][-]{section.A.20}{find}{appendix.A}% 79
\BOOKMARK [1][-]{section.A.21}{fourier}{appendix.A}% 80
\BOOKMARK [1][-]{section.A.22}{functions}{appendix.A}% 81
\BOOKMARK [1][-]{section.A.23}{import}{appendix.A}% 82
\BOOKMARK [1][-]{section.A.24}{index2cell}{appendix.A}% 83
\BOOKMARK [1][-]{section.A.25}{ins}{appendix.A}% 84
\BOOKMARK [1][-]{section.A.26}{insert}{appendix.A}% 85
\BOOKMARK [1][-]{section.A.27}{internal}{appendix.A}% 86
\BOOKMARK [1][-]{section.A.28}{inverse}{appendix.A}% 87
\BOOKMARK [1][-]{section.A.29}{kick}{appendix.A}% 88
\BOOKMARK [1][-]{section.A.30}{mc}{appendix.A}% 89
\BOOKMARK [1][-]{section.A.31}{mmc}{appendix.A}% 90
\BOOKMARK [1][-]{section.A.32}{molecularize}{appendix.A}% 91
\BOOKMARK [1][-]{section.A.33}{output}{appendix.A}% 92
\BOOKMARK [1][-]{section.A.34}{patterson}{appendix.A}% 93
\BOOKMARK [1][-]{section.A.35}{pdf}{appendix.A}% 94
\BOOKMARK [1][-]{section.A.36}{plot}{appendix.A}% 95
\BOOKMARK [1][-]{section.A.37}{powder}{appendix.A}% 96
\BOOKMARK [1][-]{section.A.38}{project}{appendix.A}% 97
\BOOKMARK [1][-]{section.A.39}{property}{appendix.A}% 98
\BOOKMARK [1][-]{section.A.40}{purge}{appendix.A}% 99
\BOOKMARK [1][-]{section.A.41}{r2d}{appendix.A}% 100
\BOOKMARK [1][-]{section.A.42}{read}{appendix.A}% 101
\BOOKMARK [1][-]{section.A.43}{remove}{appendix.A}% 102
\BOOKMARK [1][-]{section.A.44}{replace}{appendix.A}% 103
\BOOKMARK [1][-]{section.A.45}{rmc}{appendix.A}% 104
\BOOKMARK [1][-]{section.A.46}{save}{appendix.A}% 105
\BOOKMARK [1][-]{section.A.47}{seed}{appendix.A}% 106
\BOOKMARK [1][-]{section.A.48}{shear}{appendix.A}% 107
\BOOKMARK [1][-]{section.A.49}{show}{appendix.A}% 108
\BOOKMARK [1][-]{section.A.50}{spacegroup}{appendix.A}% 109
\BOOKMARK [1][-]{section.A.51}{stack}{appendix.A}% 110
\BOOKMARK [1][-]{section.A.52}{surface}{appendix.A}% 111
\BOOKMARK [1][-]{section.A.53}{switch}{appendix.A}% 112
\BOOKMARK [1][-]{section.A.54}{symmetry}{appendix.A}% 113
\BOOKMARK [1][-]{section.A.55}{transform}{appendix.A}% 114
\BOOKMARK [1][-]{section.A.56}{ther}{appendix.A}% 115
\BOOKMARK [1][-]{section.A.57}{variables}{appendix.A}% 116
\BOOKMARK [1][-]{section.A.58}{vprod}{appendix.A}% 117
\BOOKMARK [1][-]{section.A.59}{waves}{appendix.A}% 118
\BOOKMARK [1][-]{section.A.60}{wyckoff}{appendix.A}% 119
\BOOKMARK [1][-]{section.A.61}{bugs}{appendix.A}% 120
\BOOKMARK [1][-]{section.A.62}{errors}{appendix.A}% 121
\BOOKMARK [1][-]{section.A.63}{space\137groups}{appendix.A}% 122
\BOOKMARK [1][-]{section.A.64}{wavelength}{appendix.A}% 123
\BOOKMARK [1][-]{section.A.65}{atom\137names}{appendix.A}% 124
\BOOKMARK [0][-]{section.A.65}{Bibliography}{}% 125
