This is pdfTeX, Version 3.14159265-2.6-1.40.16 (TeX Live 2015/Debian) (preloaded format=latex 2018.2.12)  6 JUL 2018 08:38
entering extended mode
 restricted \write18 enabled.
 %&-line parsing enabled.
**discus_man
(./discus_man.tex
LaTeX2e <2016/02/01>
Babel <3.9q> and hyphenation patterns for 3 language(s) loaded.
(/usr/share/texlive/texmf-dist/tex/latex/base/report.cls
Document Class: report 2014/09/29 v1.4h Standard LaTeX document class
(/usr/share/texlive/texmf-dist/tex/latex/base/size11.clo
File: size11.clo 2014/09/29 v1.4h Standard LaTeX file (size option)
)
\c@part=\count79
\c@chapter=\count80
\c@section=\count81
\c@subsection=\count82
\c@subsubsection=\count83
\c@paragraph=\count84
\c@subparagraph=\count85
\c@figure=\count86
\c@table=\count87
\abovecaptionskip=\skip41
\belowcaptionskip=\skip42
\bibindent=\dimen102
)
(/usr/share/texlive/texmf-dist/tex/latex/geometry/geometry.sty
Package: geometry 2010/09/12 v5.6 Page Geometry

(/usr/share/texlive/texmf-dist/tex/latex/graphics/keyval.sty
Package: keyval 2014/10/28 v1.15 key=value parser (DPC)
\KV@toks@=\toks14
)
(/usr/share/texlive/texmf-dist/tex/generic/oberdiek/ifpdf.sty
Package: ifpdf 2011/01/30 v2.3 Provides the ifpdf switch (HO)
Package ifpdf Info: pdfTeX in PDF mode is not detected.
)
(/usr/share/texlive/texmf-dist/tex/generic/oberdiek/ifvtex.sty
Package: ifvtex 2010/03/01 v1.5 Detect VTeX and its facilities (HO)
Package ifvtex Info: VTeX not detected.
)
(/usr/share/texlive/texmf-dist/tex/generic/ifxetex/ifxetex.sty
Package: ifxetex 2010/09/12 v0.6 Provides ifxetex conditional
)
\Gm@cnth=\count88
\Gm@cntv=\count89
\c@Gm@tempcnt=\count90
\Gm@bindingoffset=\dimen103
\Gm@wd@mp=\dimen104
\Gm@odd@mp=\dimen105
\Gm@even@mp=\dimen106
\Gm@layoutwidth=\dimen107
\Gm@layoutheight=\dimen108
\Gm@layouthoffset=\dimen109
\Gm@layoutvoffset=\dimen110
\Gm@dimlist=\toks15
)
(/usr/share/texlive/texmf-dist/tex/latex/graphics/graphicx.sty
Package: graphicx 2014/10/28 v1.0g Enhanced LaTeX Graphics (DPC,SPQR)

(/usr/share/texlive/texmf-dist/tex/latex/graphics/graphics.sty
Package: graphics 2016/01/03 v1.0q Standard LaTeX Graphics (DPC,SPQR)

(/usr/share/texlive/texmf-dist/tex/latex/graphics/trig.sty
Package: trig 2016/01/03 v1.10 sin cos tan (DPC)
)
(/usr/share/texlive/texmf-dist/tex/latex/latexconfig/graphics.cfg
File: graphics.cfg 2010/04/23 v1.9 graphics configuration of TeX Live
)
Package graphics Info: Driver file: dvips.def on input line 95.

(/usr/share/texlive/texmf-dist/tex/latex/graphics/dvips.def
File: dvips.def 2015/12/30 v3.0k Driver-dependent file (DPC,SPQR)
))
\Gin@req@height=\dimen111
\Gin@req@width=\dimen112
)
(/usr/share/texlive/texmf-dist/tex/latex/fancyhdr/fancyhdr.sty
\fancy@headwidth=\skip43
\f@ncyO@elh=\skip44
\f@ncyO@erh=\skip45
\f@ncyO@olh=\skip46
\f@ncyO@orh=\skip47
\f@ncyO@elf=\skip48
\f@ncyO@erf=\skip49
\f@ncyO@olf=\skip50
\f@ncyO@orf=\skip51
) (./floatflt.sty
Package: floatflt 1997/07/16 v. 1.31
\c@OptionTest=\count91
\figbox=\box26
\tabbox=\box27
\pagebox=\box28
\ffigcount=\count92
\ftabcount=\count93
\fftest=\count94
\hangcount=\count95
\nosuccesstryfig=\count96
\nosuccesstrytab=\count97
\figgutter=\dimen113
\tabgutter=\dimen114
\htdone=\dimen115
\pageht=\dimen116
\startpageht=\dimen117
\tabbredd=\dimen118
\floatfltwidth=\dimen119
\fltitemwidth=\dimen120
\outputpretest=\toks16
) (/usr/share/texlive/texmf-dist/tex/latex/tools/tabularx.sty
Package: tabularx 2014/10/28 v2.10 `tabularx' package (DPC)

(/usr/share/texlive/texmf-dist/tex/latex/tools/array.sty
Package: array 2014/10/28 v2.4c Tabular extension package (FMi)
\col@sep=\dimen121
\extrarowheight=\dimen122
\NC@list=\toks17
\extratabsurround=\skip52
\backup@length=\skip53
)
\TX@col@width=\dimen123
\TX@old@table=\dimen124
\TX@old@col=\dimen125
\TX@target=\dimen126
\TX@delta=\dimen127
\TX@cols=\count98
\TX@ftn=\toks18
)
(/usr/share/texlive/texmf-dist/tex/latex/natbib/natbib.sty
Package: natbib 2010/09/13 8.31b (PWD, AO)
\bibhang=\skip54
\bibsep=\skip55
LaTeX Info: Redefining \cite on input line 694.
\c@NAT@ctr=\count99
)
(/usr/share/texlive/texmf-dist/tex/latex/caption/caption2.sty
Package: caption2 2015/09/15 v2.2-100 Customising captions (AR)


Package caption2 Warning: ****************************************************
(caption2)                THIS PACKAGE IS OBSOLETE:
(caption2)                This package attempts to provide an `caption2'
(caption2)                package v2.0/2.1 author environment so that OLD
(caption2)                documents can be successfully processed. It should
(caption2)                NOT be used for NEW documents! New documents should
(caption2)                use the regular `caption' package v3.x instead.
(caption2)                ****************************************************

(/usr/share/texlive/texmf-dist/tex/latex/caption/caption3.sty
Package: caption3 2016/02/04 v1.7-139 caption3 kernel (AR)
Package caption3 Info: TeX engine: e-TeX on input line 67.
\captionmargin=\dimen128
\captionmargin@=\dimen129
\captionwidth=\dimen130
\caption@tempdima=\dimen131
\caption@indent=\dimen132
\caption@parindent=\dimen133
\caption@hangindent=\dimen134
)
Package caption2 Info: Running in caption2 v2.0 compatibility mode on input lin
e 221.
\captionlinewidth=\dimen135
\realcaptionwidth=\dimen136
)
(/usr/share/texlive/texmf-dist/tex/latex/fancyvrb/fancyvrb.sty
Package: fancyvrb 2008/02/07

Style option: `fancyvrb' v2.7a, with DG/SPQR fixes, and firstline=lastline fix 
<2008/02/07> (tvz)
\FV@CodeLineNo=\count100
\FV@InFile=\read1
\FV@TabBox=\box29
\c@FancyVerbLine=\count101
\FV@StepNumber=\count102
\FV@OutFile=\write3
)
(/usr/share/texlive/texmf-dist/tex/latex/carlisle/scalefnt.sty)
(/usr/share/texlive/texmf-dist/tex/latex/graphics/color.sty
Package: color 2016/01/03 v1.1b Standard LaTeX Color (DPC)

(/usr/share/texlive/texmf-dist/tex/latex/latexconfig/color.cfg
File: color.cfg 2007/01/18 v1.5 color configuration of teTeX/TeXLive
)
Package color Info: Driver file: dvips.def on input line 143.

(/usr/share/texlive/texmf-dist/tex/latex/graphics/dvipsnam.def
File: dvipsnam.def 2015/12/30 v3.0k Driver-dependent file (DPC,SPQR)
))
(/usr/share/texlive/texmf-dist/tex/latex/url/url.sty
\Urlmuskip=\muskip10
Package: url 2013/09/16  ver 3.4  Verb mode for urls, etc.
)
(/usr/share/texlive/texmf-dist/tex/latex/hyperref/hyperref.sty
Package: hyperref 2012/11/06 v6.83m Hypertext links for LaTeX

(/usr/share/texlive/texmf-dist/tex/generic/oberdiek/hobsub-hyperref.sty
Package: hobsub-hyperref 2012/05/28 v1.13 Bundle oberdiek, subset hyperref (HO)


(/usr/share/texlive/texmf-dist/tex/generic/oberdiek/hobsub-generic.sty
Package: hobsub-generic 2012/05/28 v1.13 Bundle oberdiek, subset generic (HO)
Package: hobsub 2012/05/28 v1.13 Construct package bundles (HO)
Package: infwarerr 2010/04/08 v1.3 Providing info/warning/error messages (HO)
Package: ltxcmds 2011/11/09 v1.22 LaTeX kernel commands for general use (HO)
Package: ifluatex 2010/03/01 v1.3 Provides the ifluatex switch (HO)
Package ifluatex Info: LuaTeX not detected.
Package hobsub Info: Skipping package `ifvtex' (already loaded).
Package: intcalc 2007/09/27 v1.1 Expandable calculations with integers (HO)
Package hobsub Info: Skipping package `ifpdf' (already loaded).
Package: etexcmds 2011/02/16 v1.5 Avoid name clashes with e-TeX commands (HO)
Package etexcmds Info: Could not find \expanded.
(etexcmds)             That can mean that you are not using pdfTeX 1.50 or
(etexcmds)             that some package has redefined \expanded.
(etexcmds)             In the latter case, load this package earlier.
Package: kvsetkeys 2012/04/25 v1.16 Key value parser (HO)
Package: kvdefinekeys 2011/04/07 v1.3 Define keys (HO)
Package: pdftexcmds 2011/11/29 v0.20 Utility functions of pdfTeX for LuaTeX (HO
)
Package pdftexcmds Info: LuaTeX not detected.
Package pdftexcmds Info: \pdf@primitive is available.
Package pdftexcmds Info: \pdf@ifprimitive is available.
Package pdftexcmds Info: \pdfdraftmode is ignored in DVI mode.
Package: pdfescape 2011/11/25 v1.13 Implements pdfTeX's escape features (HO)
Package: bigintcalc 2012/04/08 v1.3 Expandable calculations on big integers (HO
)
Package: bitset 2011/01/30 v1.1 Handle bit-vector datatype (HO)
Package: uniquecounter 2011/01/30 v1.2 Provide unlimited unique counter (HO)
)
Package hobsub Info: Skipping package `hobsub' (already loaded).
Package: letltxmacro 2010/09/02 v1.4 Let assignment for LaTeX macros (HO)
Package: hopatch 2012/05/28 v1.2 Wrapper for package hooks (HO)
Package: xcolor-patch 2011/01/30 xcolor patch
Package: atveryend 2011/06/30 v1.8 Hooks at the very end of document (HO)
Package atveryend Info: \enddocument detected (standard20110627).
Package: atbegshi 2011/10/05 v1.16 At begin shipout hook (HO)
Package: refcount 2011/10/16 v3.4 Data extraction from label references (HO)
Package: hycolor 2011/01/30 v1.7 Color options for hyperref/bookmark (HO)
)
(/usr/share/texlive/texmf-dist/tex/latex/oberdiek/auxhook.sty
Package: auxhook 2011/03/04 v1.3 Hooks for auxiliary files (HO)
)
(/usr/share/texlive/texmf-dist/tex/latex/oberdiek/kvoptions.sty
Package: kvoptions 2011/06/30 v3.11 Key value format for package options (HO)
)
\@linkdim=\dimen137
\Hy@linkcounter=\count103
\Hy@pagecounter=\count104

(/usr/share/texlive/texmf-dist/tex/latex/hyperref/pd1enc.def
File: pd1enc.def 2012/11/06 v6.83m Hyperref: PDFDocEncoding definition (HO)
)
\Hy@SavedSpaceFactor=\count105

(/usr/share/texlive/texmf-dist/tex/latex/latexconfig/hyperref.cfg
File: hyperref.cfg 2002/06/06 v1.2 hyperref configuration of TeXLive
)
Package hyperref Info: Hyper figures OFF on input line 4443.
Package hyperref Info: Link nesting OFF on input line 4448.
Package hyperref Info: Hyper index ON on input line 4451.
Package hyperref Info: Plain pages OFF on input line 4458.
Package hyperref Info: Backreferencing OFF on input line 4463.
Package hyperref Info: Implicit mode ON; LaTeX internals redefined.
Package hyperref Info: Bookmarks ON on input line 4688.
\c@Hy@tempcnt=\count106
LaTeX Info: Redefining \url on input line 5041.
\XeTeXLinkMargin=\dimen138
\Fld@menulength=\count107
\Field@Width=\dimen139
\Fld@charsize=\dimen140
Package hyperref Info: Hyper figures OFF on input line 6295.
Package hyperref Info: Link nesting OFF on input line 6300.
Package hyperref Info: Hyper index ON on input line 6303.
Package hyperref Info: backreferencing OFF on input line 6310.
Package hyperref Info: Link coloring OFF on input line 6315.
Package hyperref Info: Link coloring with OCG OFF on input line 6320.
Package hyperref Info: PDF/A mode OFF on input line 6325.
LaTeX Info: Redefining \ref on input line 6365.
LaTeX Info: Redefining \pageref on input line 6369.
\Hy@abspage=\count108
\c@Item=\count109
\c@Hfootnote=\count110
)

Package hyperref Message: Driver (default): hdvips.

(/usr/share/texlive/texmf-dist/tex/latex/hyperref/hdvips.def
File: hdvips.def 2012/11/06 v6.83m Hyperref driver for dvips

(/usr/share/texlive/texmf-dist/tex/latex/hyperref/pdfmark.def
File: pdfmark.def 2012/11/06 v6.83m Hyperref definitions for pdfmark specials
\pdf@docset=\toks19
\pdf@box=\box30
\pdf@toks=\toks20
\pdf@defaulttoks=\toks21
\HyField@AnnotCount=\count111
\Fld@listcount=\count112
\c@bookmark@seq@number=\count113

(/usr/share/texlive/texmf-dist/tex/latex/oberdiek/rerunfilecheck.sty
Package: rerunfilecheck 2011/04/15 v1.7 Rerun checks for auxiliary files (HO)
Package uniquecounter Info: New unique counter `rerunfilecheck' on input line 2
82.
)
\Hy@SectionHShift=\skip56
))
(/usr/share/texlive/texmf-dist/tex/latex/base/fontenc.sty
Package: fontenc 2005/09/27 v1.99g Standard LaTeX package

(/usr/share/texlive/texmf-dist/tex/latex/base/t1enc.def
File: t1enc.def 2005/09/27 v1.99g Standard LaTeX file
LaTeX Font Info:    Redeclaring font encoding T1 on input line 48.
))
(/usr/share/texlive/texmf-dist/tex/latex/psnfss/palatino.sty
Package: palatino 2005/04/12 PSNFSS-v9.2a (SPQR) 
) (../version.tex)
(./discus_man.aux (./dis_int.aux) (./dis_stru.aux) (./dis_four.aux)
(./dis_cry.aux) (./dis_mod1.aux) (./dis_mod2.aux) (./dis_chem.aux)
(./dis_mc.aux) (./dis_pdf.aux) (./dis_rmc.aux) (./appl_dis.aux))
\openout1 = `discus_man.aux'.

LaTeX Font Info:    Checking defaults for OML/cmm/m/it on input line 76.
LaTeX Font Info:    ... okay on input line 76.
LaTeX Font Info:    Checking defaults for T1/cmr/m/n on input line 76.
LaTeX Font Info:    ... okay on input line 76.
LaTeX Font Info:    Checking defaults for OT1/cmr/m/n on input line 76.
LaTeX Font Info:    ... okay on input line 76.
LaTeX Font Info:    Checking defaults for OMS/cmsy/m/n on input line 76.
LaTeX Font Info:    ... okay on input line 76.
LaTeX Font Info:    Checking defaults for OMX/cmex/m/n on input line 76.
LaTeX Font Info:    ... okay on input line 76.
LaTeX Font Info:    Checking defaults for U/cmr/m/n on input line 76.
LaTeX Font Info:    ... okay on input line 76.
LaTeX Font Info:    Checking defaults for PD1/pdf/m/n on input line 76.
LaTeX Font Info:    ... okay on input line 76.
LaTeX Font Info:    Try loading font information for T1+ppl on input line 76.

(/usr/share/texlive/texmf-dist/tex/latex/psnfss/t1ppl.fd
File: t1ppl.fd 2001/06/04 font definitions for T1/ppl.
)
*geometry* driver: auto-detecting
*geometry* detected driver: dvips
*geometry* verbose mode - [ preamble ] result:
* driver: dvips
* paper: letterpaper
* layout: <same size as paper>
* layoutoffset:(h,v)=(0.0pt,0.0pt)
* modes: 
* h-part:(L,W,R)=(79.49744pt, 455.30013pt, 79.49744pt)
* v-part:(T,H,B)=(101.17755pt, 614.295pt, 79.49744pt)
* \paperwidth=614.295pt
* \paperheight=794.96999pt
* \textwidth=455.30013pt
* \textheight=614.295pt
* \oddsidemargin=7.22745pt
* \evensidemargin=7.22745pt
* \topmargin=-8.09244pt
* \headheight=12.0pt
* \headsep=25.0pt
* \topskip=11.0pt
* \footskip=30.0pt
* \marginparwidth=59.0pt
* \marginparsep=10.0pt
* \columnsep=10.0pt
* \skip\footins=10.0pt plus 4.0pt minus 2.0pt
* \hoffset=0.0pt
* \voffset=0.0pt
* \mag=1000
* \@twocolumnfalse
* \@twosidefalse
* \@mparswitchfalse
* \@reversemarginfalse
* (1in=72.27pt=25.4mm, 1cm=28.453pt)

Package caption Info: Begin \AtBeginDocument code.
Package caption Info: End \AtBeginDocument code.
\AtBeginShipoutBox=\box31
Package hyperref Info: Link coloring OFF on input line 76.
(/usr/share/texlive/texmf-dist/tex/latex/hyperref/nameref.sty
Package: nameref 2012/10/27 v2.43 Cross-referencing by name of section

(/usr/share/texlive/texmf-dist/tex/generic/oberdiek/gettitlestring.sty
Package: gettitlestring 2010/12/03 v1.4 Cleanup title references (HO)
)
\c@section@level=\count114
)
LaTeX Info: Redefining \ref on input line 76.
LaTeX Info: Redefining \pageref on input line 76.
LaTeX Info: Redefining \nameref on input line 76.

(./discus_man.out) (./discus_man.out)
\@outlinefile=\write4
\openout4 = `discus_man.out'.

LaTeX Font Info:    Font shape `T1/ppl/bx/n' in size <10.95> not available
(Font)              Font shape `T1/ppl/b/n' tried instead on input line 87.
LaTeX Font Info:    Font shape `T1/ppl/bx/n' in size <87.59998> not available
(Font)              Font shape `T1/ppl/b/n' tried instead on input line 87.
LaTeX Font Info:    Font shape `T1/ppl/bx/sc' in size <87.59998> not available
(Font)              Font shape `T1/ppl/b/sc' tried instead on input line 87.
LaTeX Font Info:    Font shape `T1/ppl/bx/n' in size <43.79999> not available
(Font)              Font shape `T1/ppl/b/n' tried instead on input line 89.
LaTeX Font Info:    Font shape `T1/ppl/bx/n' in size <24.88> not available
(Font)              Font shape `T1/ppl/b/n' tried instead on input line 91.
LaTeX Font Info:    Font shape `T1/ppl/bx/n' in size <14.4> not available
(Font)              Font shape `T1/ppl/b/n' tried instead on input line 99.
LaTeX Font Info:    Try loading font information for T1+pcr on input line 107.

(/usr/share/texlive/texmf-dist/tex/latex/psnfss/t1pcr.fd
File: t1pcr.fd 2001/06/04 font definitions for T1/pcr.
)
LaTeX Font Info:    Font shape `T1/pcr/bx/n' in size <14.4> not available
(Font)              Font shape `T1/pcr/b/n' tried instead on input line 107.
LaTeX Font Info:    External font `cmex10' loaded for size
(Font)              <14.4> on input line 107.
LaTeX Font Info:    External font `cmex10' loaded for size
(Font)              <7> on input line 107.
 [1

]
LaTeX Font Info:    Font shape `T1/ppl/bx/n' in size <12> not available
(Font)              Font shape `T1/ppl/b/n' tried instead on input line 124.


Package Fancyhdr Warning: \headheight is too small (12.0pt): 
 Make it at least 13.59999pt.
 We now make it that large for the rest of the document.
 This may cause the page layout to be inconsistent, however.

LaTeX Font Info:    Font shape `T1/ppl/bx/sc' in size <10.95> not available
(Font)              Font shape `T1/ppl/b/sc' tried instead on input line 164.
[1

]
LaTeX Font Info:    External font `cmex10' loaded for size
(Font)              <10.95> on input line 184.
LaTeX Font Info:    External font `cmex10' loaded for size
(Font)              <8> on input line 184.
LaTeX Font Info:    External font `cmex10' loaded for size
(Font)              <6> on input line 184.
LaTeX Font Info:    Font shape `T1/ppl/bx/sl' in size <10.95> not available
(Font)              Font shape `T1/ppl/b/sl' tried instead on input line 190.
 [2] (./discus_man.toc [3

] [4] [5])
\tf@toc=\write5
\openout5 = `discus_man.toc'.

 [6]
\openout2 = `dis_int.aux'.

 (./dis_int.tex
Chapter 1.
LaTeX Font Info:    Font shape `T1/ppl/bx/n' in size <20.74> not available
(Font)              Font shape `T1/ppl/b/n' tried instead on input line 5.
[7


]
LaTeX Font Info:    Font shape `T1/ppl/bx/n' in size <10> not available
(Font)              Font shape `T1/ppl/b/n' tried instead on input line 128.
 [8]
Overfull \hbox (3.50975pt too wide) in paragraph at lines 278--278
[]|\T1/ppl/m/n/10.95 logical| 
 []

) [9] [10] [11]
\openout2 = `dis_stru.aux'.

 (./dis_stru.tex
Chapter 2.
[12



] [13] [14] [15] [16] [17] [18] [19] [20] [21]
Overfull \hbox (36.1183pt too wide) in paragraph at lines 789--796
[]\T1/ppl/m/n/10.95 In ad-di-tion you can de-fine fur-ther prop-erty like be-ha
viour. This be-haviour is based on connectivities[][][][]
 []

[22]
Overfull \hbox (0.58704pt too wide) in paragraph at lines 864--869
[]\T1/ppl/m/n/10.95 The \T1/pcr/m/n/10.95 add \T1/ppl/m/n/10.95 com-mand sim-pl
y cre-ates the def-i-ni-tions, the ac-tual lists are gen-er-ated with the \T1/p
cr/m/n/10.95 create
 []

[23]) [24]
\openout2 = `dis_four.aux'.

 (./dis_four.tex
Chapter 3.
[25



] [26] [27]) [28]
\openout2 = `dis_cry.aux'.

 (./dis_cry.tex
Chapter 4.
[29



] [30]) [31]
\openout2 = `dis_mod1.aux'.

 (./dis_mod1.tex
Chapter 5.
File: pic/mod1.1.eps Graphic file (type eps)
<pic/mod1.1.eps> [32



] [33]
Overfull \hbox (13.53986pt too wide) in paragraph at lines 140--184
\T1/ppl/m/n/10.95 This sec-tion will give an overview of those \T1/ppl/m/sc/10.
95 Dis-cus \T1/ppl/m/n/10.95 func-tions mod-i-fy-ing sin-gle atoms or molecules
.
 []

[34]) [35]
\openout2 = `dis_mod2.aux'.

 (./dis_mod2.tex
Chapter 6.
[36



]
LaTeX Font Info:    Try loading font information for OMS+ppl on input line 110.

 (/usr/share/texlive/texmf-dist/tex/latex/psnfss/omsppl.fd
File: omsppl.fd 
)
LaTeX Font Info:    Font shape `OMS/ppl/m/n' in size <10.95> not available
(Font)              Font shape `OMS/cmsy/m/n' tried instead on input line 110.
 [37]
File: pic/wave.3.eps Graphic file (type eps)

<pic/wave.3.eps> [38] [39] [40] [41]
Underfull \hbox (badness 10000) in paragraph at lines 410--412

 []

[42]
Overfull \hbox (4.1238pt too wide) in paragraph at lines 498--505
[]\T1/ppl/m/n/10.95 In or-der to cre-ate closed in-te-rior hol-low spaces in lo
w-symmetry struc-tures, the shapes: \T1/pcr/m/n/10.95 sphere\T1/ppl/m/n/10.95 ,

 []

[43] [44] [45]
Overfull \hbox (23.03262pt too wide) in paragraph at lines 680--684
\T1/ppl/m/n/10.95 atoms de-faults to 170$[]$. To mod-ify this an-gle \T1/ppl/m/
sc/10.95 Dis-cus \T1/ppl/m/n/10.95 pro-vides the op-tional pa-ram-e-ter \T1/pcr
/m/n/10.95 angle:value
 []

[46]) [47]
\openout2 = `dis_chem.aux'.

 (./dis_chem.tex
Chapter 7.
[48



] [49] [50]
Overfull \hbox (35.2971pt too wide) in paragraph at lines 229--235
\T1/ppl/m/n/10.95 The con-cept of \T1/ppl/m/it/10.95 bond va-lence \T1/ppl/m/n/
10.95 has found wide ap-pli-ca-bil-ity in solid state chem-istry ([],
 []

[51]) [52]
\openout2 = `dis_mc.aux'.

 (./dis_mc.tex
Chapter 8.
[53



] [54] [55]) [56]
\openout2 = `dis_pdf.aux'.

 (./dis_pdf.tex
Chapter 9.
[57



]
File: pic/pdf.1.eps Graphic file (type eps)
 <pic/pdf.1.eps>
LaTeX Font Info:    External font `cmex10' loaded for size
(Font)              <5> on input line 78.
 [58] [59]) [60]
\openout2 = `dis_rmc.aux'.

 (./dis_rmc.tex
Chapter 10.
[61



] [62]
File: pic/rmc.1.eps Graphic file (type eps)
 <pic/rmc.1.eps> [63]
Overfull \hbox (0.70628pt too wide) in paragraph at lines 220--235
\T1/ppl/m/n/10.95 The pro-gram al-lows to se-lect (\T1/pcr/m/n/10.95 sele $\OML
/cmm/m/it/10.95 <$\T1/pcr/m/n/10.95 typ1$\OML/cmm/m/it/10.95 >$\T1/pcr/m/n/10.9
5 , $\OML/cmm/m/it/10.95 <$\T1/pcr/m/n/10.95 typ2$\OML/cmm/m/it/10.95 >$\T1/pcr
/m/n/10.95 , ..\T1/ppl/m/n/10.95 ) and de-s-e-lect (\T1/pcr/m/n/10.95 dsel $\OM
L/cmm/m/it/10.95 <$\T1/pcr/m/n/10.95 typ1$\OML/cmm/m/it/10.95 >$\T1/pcr/m/n/10.
95 ,
 []


Overfull \hbox (1.17229pt too wide) in paragraph at lines 220--235
\OML/cmm/m/it/10.95 <$\T1/pcr/m/n/10.95 typ2$\OML/cmm/m/it/10.95 >$\T1/pcr/m/n/
10.95 ,.. \T1/ppl/m/n/10.95 and \T1/pcr/m/n/10.95 mdes $\OML/cmm/m/it/10.95 <$\
T1/pcr/m/n/10.95 typ1$\OML/cmm/m/it/10.95 >$\T1/pcr/m/n/10.95 , $\OML/cmm/m/it/
10.95 <$\T1/pcr/m/n/10.95 typ2$\OML/cmm/m/it/10.95 >$\T1/pcr/m/n/10.95 , ..\T1/
ppl/m/n/10.95 . Here $\OML/cmm/m/it/10.95 <$\T1/ppl/m/n/10.95 typ$\OML/cmm/m/it
/10.95 >$ \T1/ppl/m/n/10.95 is the cor-re-spond-ing molecule
 []

[64]) [65]
\openout2 = `appl_dis.aux'.

 (./appl_dis.tex
Appendix A.
[66



] [67] [68] [69]
Overfull \hbox (21.12892pt too wide) in paragraph at lines 256--260
[]\T1/ppl/m/n/10.95 An un-for-tu-nate typ-ing er-ror in News/2016_Oct re-gard-i
ng the new re-fine-ment vari-able ref_para[1...]
 []

[70] [71] [72] [73] [74] [75] [76] [77] [78] [79] [80] [81] [82] [83] [84]
[85] [86] [87]
Overfull \hbox (1.28235pt too wide) in paragraph at lines 1356--1369
[]\T1/ppl/m/n/10.95 This com-mand cal-cu-lates the bond length dis-tri-bu-tion 
be-tween the se-lected atoms (by $\OML/cmm/m/it/10.95 <$\T1/ppl/m/n/10.95 name$
\OML/cmm/m/it/10.95 >$\T1/ppl/m/n/10.95 ,
 []

[88] [89] [90] [91] [92] [93] [94] [95]
Overfull \hbox (70.08261pt too wide) in paragraph at lines 1830--1834
[]\T1/ppl/m/n/10.95 Removes the def-i-ni-tion num-ber $\OML/cmm/m/it/10.95 <$\T
1/ppl/m/n/10.95 def.no.$\OML/cmm/m/it/10.95 >$ \T1/ppl/m/n/10.95 or name $\OML/
cmm/m/it/10.95 <$\T1/ppl/m/n/10.95 def_name$\OML/cmm/m/it/10.95 >$ \T1/ppl/m/n/
10.95 for cen-tral atom type $\OML/cmm/m/it/10.95 <$\T1/ppl/m/n/10.95 central_a
tom_type$\OML/cmm/m/it/10.95 >$\T1/ppl/m/n/10.95 .
 []

[96]
Overfull \hbox (12.35669pt too wide) in paragraph at lines 1891--1895
[]\T1/ppl/m/n/10.95 Copies an atom. If $\OML/cmm/m/it/10.95 <$\T1/ppl/m/n/10.95
 s$\OML/cmm/m/it/10.95 >$ \T1/ppl/m/n/10.95 is "a" the atom num-ber $\OML/cmm/m
/it/10.95 <$\T1/ppl/m/n/10.95 n$\OML/cmm/m/it/10.95 >$ \T1/ppl/m/n/10.95 is cop
ied to ab-so-lute po-si-tions $\OML/cmm/m/it/10.95 <$\T1/ppl/m/n/10.95 x$\OML/c
mm/m/it/10.95 >$\T1/ppl/m/n/10.95 ,$\OML/cmm/m/it/10.95 <$\T1/ppl/m/n/10.95 y$\
OML/cmm/m/it/10.95 >$\T1/ppl/m/n/10.95 ,$\OML/cmm/m/it/10.95 <$\T1/ppl/m/n/10.9
5 z$\OML/cmm/m/it/10.95 >$
 []

[97] [98] [99] [100]
Overfull \hbox (8.30783pt too wide) in paragraph at lines 2171--2184
[]\T1/ppl/m/n/10.95 domain do-main char-ac-ter,domain_fuzzy do-main file,domain
_a.stru do-main fuzzy,0.8 posi 0.0000
 []

[101] [102] [103] [104] [105] [106] [107]
Overfull \hbox (0.40034pt too wide) in paragraph at lines 2634--2638
[]\T1/ppl/m/n/10.95 The pro-gram al-lows to Fourier trans-form large crys-tals 
by av-er-ag-ing the scat-ter-ing from smaller
 []

[108] [109] [110] [111] [112] [113] [114] [115] [116] [117] [118] [119]
[120] [121] [122] [123] [124] [125] [126] [127] [128] [129] [130] [131]
[132]
Overfull \hbox (30.38818pt too wide) in paragraph at lines 4023--4028
[]\T1/ppl/m/n/10.95 set "target",$\OML/cmm/m/it/10.95 <$\T1/ppl/m/n/10.95 ic$\O
ML/cmm/m/it/10.95 >$\T1/ppl/m/n/10.95 ,"corr", $\OMS/cmsy/m/n/10.95 f$$\OML/cmm
/m/it/10.95 <$\T1/ppl/m/n/10.95 number$\OML/cmm/m/it/10.95 >$ $\OMS/cmsy/m/n/10
.95 j$ $\OML/cmm/m/it/10.95 <$\T1/ppl/m/n/10.95 name$\OML/cmm/m/it/10.95 >$ $\O
MS/cmsy/m/n/10.95 j$ \T1/ppl/m/n/10.95 "all"$\OMS/cmsy/m/n/10.95 g$\T1/ppl/m/n/
10.95 , $\OMS/cmsy/m/n/10.95 f$$\OML/cmm/m/it/10.95 <$\T1/ppl/m/n/10.95 number$
\OML/cmm/m/it/10.95 >$ $\OMS/cmsy/m/n/10.95 j$ $\OML/cmm/m/it/10.95 <$\T1/ppl/m
/n/10.95 name$\OML/cmm/m/it/10.95 >$ $\OMS/cmsy/m/n/10.95 j$ \T1/ppl/m/n/10.95 
"all"$\OMS/cmsy/m/n/10.95 g$\T1/ppl/m/n/10.95 , $\OML/cmm/m/it/10.95 <$\T1/ppl/
m/n/10.95 correlation$\OML/cmm/m/it/10.95 >$\T1/ppl/m/n/10.95 ,
 []


Overfull \hbox (29.43205pt too wide) in paragraph at lines 4023--4028
\OML/cmm/m/it/10.95 <$\T1/ppl/m/n/10.95 energy$\OML/cmm/m/it/10.95 >$\T1/ppl/m/
n/10.95 , $\OMS/cmsy/m/n/10.95 f$\T1/ppl/m/n/10.95 "CORR" $\OMS/cmsy/m/n/10.95 
j$ \T1/ppl/m/n/10.95 "ENER"$\OMS/cmsy/m/n/10.95 g$ \T1/ppl/m/n/10.95 set "targe
t",$\OML/cmm/m/it/10.95 <$\T1/ppl/m/n/10.95 ic$\OML/cmm/m/it/10.95 >$\T1/ppl/m/
n/10.95 ,"corr", ($\OMS/cmsy/m/n/10.95 f$$\OML/cmm/m/it/10.95 <$\T1/ppl/m/n/10.
95 number$\OML/cmm/m/it/10.95 >$ $\OMS/cmsy/m/n/10.95 j$ $\OML/cmm/m/it/10.95 <
$\T1/ppl/m/n/10.95 name$\OML/cmm/m/it/10.95 >$ $\OMS/cmsy/m/n/10.95 j$ \T1/ppl/
m/n/10.95 "all"$\OMS/cmsy/m/n/10.95 g$\T1/ppl/m/n/10.95 [, $\OMS/cmsy/m/n/10.95
 f$$\OML/cmm/m/it/10.95 <$\T1/ppl/m/n/10.95 number$\OML/cmm/m/it/10.95 >$
 []


Overfull \hbox (16.5925pt too wide) in paragraph at lines 4083--4085
[]\T1/ppl/m/n/10.95 For in-ter-atomic dis-tances shorter than $\OML/cmm/m/it/10
.95 <$\T1/ppl/m/n/10.95 rmin$\OML/cmm/m/it/10.95 >$ \T1/ppl/m/n/10.95 the pro-g
ram cal-cu-lates: -1.*$\OMS/cmsy/m/n/10.95 j$$\OML/cmm/m/it/10.95 <$\T1/ppl/m/n
/10.95 energy$\OML/cmm/m/it/10.95 >$$\OMS/cmsy/m/n/10.95 j$ \T1/ppl/m/n/10.95 +
 ((0.000001
 []

[133]
Overfull \hbox (20.6525pt too wide) in paragraph at lines 4142--4145
[]\T1/ppl/m/n/10.95 The sec-ond ver-sion places the con-sec-u-tive range of ato
ms into a molecule of type $\OML/cmm/m/it/10.95 <$\T1/ppl/m/n/10.95 molecule_ty
pe$\OML/cmm/m/it/10.95 >$\T1/ppl/m/n/10.95 .
 []

[134] [135] [136] [137] [138] [139] [140] [141] [142] [143]
Overfull \hbox (145.88057pt too wide) in paragraph at lines 4765--4773
[]\T1/ppl/m/n/10.95 This com-mand reads a HKLF4 file and cal-cu-lates Wil-son s
tatis-tics from a plot of ln(average(formfactor**2)/average(intensity))
 []


Overfull \hbox (29.3395pt too wide) in paragraph at lines 4765--4773
\T1/ppl/m/n/10.95 re-spec-tively U are cal-cu-lated and dis-played. A his-togra
m of the log-a-rithms ver-sus sin(Theta)/lambda
 []

[144]
Overfull \hbox (4.88902pt too wide) in paragraph at lines 4784--4788
[]\T1/ppl/m/n/10.95 This com-mand switches to the PDF mode of DIS-CUS. PDF stan
ds for Pair-Distribution-Function.
 []

[145] [146] [147] [148] [149] [150] [151] [152] [153] [154] [155] [156]
[157] [158] [159] [160] [161] [162] [163] [164] [165] [166] [167] [168]
[169] [170] [171] [172] [173] [174] [175] [176] [177] [178] [179]
Overfull \hbox (56.1023pt too wide) in paragraph at lines 6882--6884
[]\T1/ppl/m/n/10.95 The for-mat is iden-ti-cal to the unit cell or struc-ture f
ile. Each atom is writ-ten in for-mat A4,3(2X,F11.6),5X,F6.4 
 []

[180] [181] [182] [183] [184] [185] [186] [187] [188] [189] [190] [191]
[192] [193] [194] [195]
Overfull \hbox (40.26826pt too wide) in paragraph at lines 7830--7834
[]\T1/ppl/m/n/10.95 The com-mand copies the list of layer ori-gins into an in-t
er-nal file with fixed name "in-ter-nal.stacklist.stru".
 []

[196] [197] [198] [199] [200]
Overfull \hbox (48.47154pt too wide) in paragraph at lines 8156--8160
[]\T1/ppl/m/n/10.95 Optional pa-ram-e-ters for all forms are: "centx:"$\OML/cmm
/m/it/10.95 <$\T1/ppl/m/n/10.95 center_x$\OML/cmm/m/it/10.95 >$ \T1/ppl/m/n/10.
95 The cen-tral lo-ca-tion for the "centy:"$\OML/cmm/m/it/10.95 <$\T1/ppl/m/n/1
0.95 center_y$\OML/cmm/m/it/10.95 >$
 []


Overfull \hbox (54.46846pt too wide) in paragraph at lines 8165--8175
\T1/ppl/m/n/10.95 cu-mu-la-tion of sur-faces or add an-other sur-face De-faults
 to "init" See de-scrip-tion be-low "exec:"$\OMS/cmsy/m/n/10.95 f$\T1/ppl/m/n/1
0.95 "run"$\OMS/cmsy/m/n/10.95 j$\T1/ppl/m/n/10.95 "hold"$\OMS/cmsy/m/n/10.95 g
$
 []

[201] [202] [203] [204] [205] [206] [207] [208] [209] [210] [211] [212]
[213] [214] [215] [216] [217] [218] [219] [220] [221] [222] [223] [224]
[225] [226] [227] [228] [229] [230] [231] [232] [233] [234] [235] [236]
[237] [238] [239] [240] [241] [242] [243] [244]
Overfull \hbox (1.01357pt too wide) in paragraph at lines 10626--10628
\T1/ppl/m/n/10.95 The ex-port for-mat that was given is not known. Check the co
m-mand line for er-ro-neous spelling. 
 []

[245]
Overfull \hbox (76.36949pt too wide) in paragraph at lines 10647--10656
\T1/ppl/m/n/10.95 The func-tion 'is-prop' takes ar-gu-ments like: is-prop('NMDO
EIL') ! by de-fault == AND is-prop(AND:'NMDOEIL')
 []


Overfull \hbox (52.8393pt too wide) in paragraph at lines 10647--10656
\T1/ppl/m/n/10.95 is-prop(OR:'NMDOEIL') is-prop(AND:'NMDOEIL', OR:'NMDOEIL') Th
e com-bi-na-tion is-prop('NMDOEIL',
 []


Overfull \hbox (12.70082pt too wide) in paragraph at lines 10679--10686
\T1/ppl/m/n/10.95 nmin:$\OML/cmm/m/it/10.95 <$\T1/ppl/m/n/10.95 lower$\OML/cmm/
m/it/10.95 >$\T1/ppl/m/n/10.95 , nmax:$\OML/cmm/m/it/10.95 <$\T1/ppl/m/n/10.95 
upper$\OML/cmm/m/it/10.95 >$ \T1/ppl/m/n/10.95 emin:$\OML/cmm/m/it/10.95 <$\T1/
ppl/m/n/10.95 lower$\OML/cmm/m/it/10.95 >$\T1/ppl/m/n/10.95 , emax:$\OML/cmm/m/
it/10.95 <$\T1/ppl/m/n/10.95 upper$\OML/cmm/m/it/10.95 >$ \T1/ppl/m/n/10.95 For
 each of the pairs nmin/nmax
 []

[246] [247]
Overfull \hbox (4.02495pt too wide) in paragraph at lines 10753--10757
\T1/ppl/m/n/10.95 tions. Use 'set dir,rese' to dis-card the pre-vi-ous in-put o
ur ad-just the pa-ram-e-ter CHEM_MAX_DIR
 []

[248] [249]
Overfull \hbox (70.55603pt too wide) in paragraph at lines 10842--10847
\T1/ppl/m/n/10.95 To speed up the cal-cu-la-tion of the Fourier Trans-form, DIS
-CUS uses a lookup ta-ble for SIN(THETA)/LAMBDA.
 []

[250] [251] [252] [253]
Overfull \hbox (39.25078pt too wide) in paragraph at lines 11032--11034
\T1/ppl/m/n/10.95 The num-ber of 'lots' (crys-tal vol-umes to be av-er-aged) ex
-ceeds the max-i-mum num-ber RMC_MAX_LOTS
 []

[254] [255] [256] [257]) [258] (./discus_man.bbl)
Package atveryend Info: Empty hook `BeforeClearDocument' on input line 228.
 [259


]
Package atveryend Info: Empty hook `AfterLastShipout' on input line 228.
 (./discus_man.aux
(./dis_int.aux) (./dis_stru.aux) (./dis_four.aux) (./dis_cry.aux)
(./dis_mod1.aux) (./dis_mod2.aux) (./dis_chem.aux) (./dis_mc.aux)
(./dis_pdf.aux) (./dis_rmc.aux) (./appl_dis.aux))
Package atveryend Info: Empty hook `AtVeryEndDocument' on input line 228.
Package atveryend Info: Executing hook `AtEndAfterFileList' on input line 228.
Package rerunfilecheck Info: File `discus_man.out' has not changed.
(rerunfilecheck)             Checksum: 31C61B1A104FDDD75BFF43CA1E31A5C4;7543.
Package atveryend Info: Empty hook `AtVeryVeryEnd' on input line 228.
 ) 
Here is how much of TeX's memory you used:
 7636 strings out of 494954
 112046 string characters out of 6181003
 230729 words of memory out of 5000000
 10758 multiletter control sequences out of 15000+600000
 31878 words of font info for 57 fonts, out of 8000000 for 9000
 14 hyphenation exceptions out of 8191
 36i,15n,50p,220b,517s stack positions out of 5000i,500n,10000p,200000b,80000s

Output written on discus_man.dvi (260 pages, 1167008 bytes).
