 ==============================================================================
 PDF REFINEMENT 
   Using PDFFIT version : 1.1 beta  
               compiled : Tue Mar 16 12:02:27 EST 1999       
 ==============================================================================
 ------------------------------------------------------------------------------
 PHASE  1 : Ni
 ------------------------------------------------------------------------------
 Scale factor       :       1.461(25)
 Dyn. corr. factor  :       0.126(17)
 Low r sigma ratio  :             1.0
 R cutoff [A]       :           0.000
 Lattice parameters :       3.5200(4)       3.5200(4)       3.5200(4)
           & angles :            90.0            90.0            90.0

 Atom positions & occupancies    : 
     NI           -1.0            -1.0             0.0            1.0
     NI           -1.0            -0.5             0.5            1.0
     NI           -0.5            -1.0             0.5            1.0
     NI           -0.5            -0.5             0.0            1.0
     NI            0.0            -1.0             0.0            1.0
     NI            0.0            -0.5             0.5            1.0
     NI            0.5            -1.0             0.5            1.0
     NI            0.5            -0.5             0.0            1.0
     NI           -1.0             0.0             0.0            1.0
     NI           -1.0             0.5             0.5            1.0
     NI           -0.5             0.0             0.5            1.0
     NI           -0.5             0.5             0.0            1.0
     NI            0.0             0.0             0.0            1.0
     NI            0.0             0.5             0.5            1.0
     NI            0.5             0.0             0.5            1.0
     NI            0.5             0.5             0.0            1.0

 Anisotropic temparature factors : 
     NI     0.00493(6)      0.00493(6)      0.00493(6) 
     NI     0.00493(6)      0.00493(6)      0.00493(6) 
     NI     0.00493(6)      0.00493(6)      0.00493(6) 
     NI     0.00493(6)      0.00493(6)      0.00493(6) 
     NI     0.00493(6)      0.00493(6)      0.00493(6) 
     NI     0.00493(6)      0.00493(6)      0.00493(6) 
     NI     0.00493(6)      0.00493(6)      0.00493(6) 
     NI     0.00493(6)      0.00493(6)      0.00493(6) 
     NI     0.00493(6)      0.00493(6)      0.00493(6) 
     NI     0.00493(6)      0.00493(6)      0.00493(6) 
     NI     0.00493(6)      0.00493(6)      0.00493(6) 
     NI     0.00493(6)      0.00493(6)      0.00493(6) 
     NI     0.00493(6)      0.00493(6)      0.00493(6) 
     NI     0.00493(6)      0.00493(6)      0.00493(6) 
     NI     0.00493(6)      0.00493(6)      0.00493(6) 
     NI     0.00493(6)      0.00493(6)      0.00493(6) 

 Selected atoms for PDF calculation : 
   Atoms (i)  : NI  
   Atoms (j)  : NI  
 ------------------------------------------------------------------------------
 DATA SET :   1 (ni-nsls.data)
 ------------------------------------------------------------------------------
 Date range in r [A]   :   0.0200 ->  20.0000      Step dr  :   0.0200
 Calculated range      :   0.0200 ->  14.8182
 Refinement r range    :   0.5000 ->  13.0000      Data pts :    25 ->   650

 Experimental settings : 
   Radiation           :   X-Rays   (at  0.0000 A**-1)
   Termination at Qmax :         22.0000 A**-1
   Q resolution sigQ   :       0.013(15) A**-1
   Scale factor        :             1.0
 ------------------------------------------------------------------------------
 PARAMETER INFORMATION :
 ------------------------------------------------------------------------------
 Maximum number of parameters :   171
 Number of refined parameters :     5

 Refinement parameters :
      1:       3.5200(4)     2:      0.00493(6)    10:       1.461(25)
     11:       0.013(15)    12:       0.126(17)
 ------------------------------------------------------------------------------
 REFINEMENT INFORMATION :
 ------------------------------------------------------------------------------
 Maximum # of iterations :        5
 Iterations carried out  :        3
 Magic number URF        :      0.10000000
 R-values -     expected :      0.01748172
                weighted :      0.17188841
       change last cycle :     -0.00545181

 Correlations greater than 0.8 : 

   *** none ***
 ==============================================================================
