 ==============================================================================
 PDF REFINEMENT 
   Using PDFFIT version : 1.1       
               compiled : Tue Jul 20 19:09:06 EDT 1999       
 ==============================================================================
 ------------------------------------------------------------------------------
 PHASE  1 : Ni
 ------------------------------------------------------------------------------
 Scale factor       :             1.0
 Dyn. corr. factor  :        0.118(6)
 Low r sigma ratio  :             1.0
 R cutoff [A]       :           0.000
 Lattice parameters :     3.52002(14)     3.52002(14)     3.52002(14)
           & angles :            90.0            90.0            90.0

 Atom positions & occupancies    : 
     NI            0.0             0.0             0.0            1.0
     NI            0.0             0.5             0.5            1.0
     NI            0.5             0.0             0.5            1.0
     NI            0.5             0.5             0.0            1.0

 Anisotropic temparature factors : 
     NI   0.005114(18)    0.005114(18)    0.005114(18) 
     NI   0.005114(18)    0.005114(18)    0.005114(18) 
     NI   0.005114(18)    0.005114(18)    0.005114(18) 
     NI   0.005114(18)    0.005114(18)    0.005114(18) 
 ------------------------------------------------------------------------------
 DATA SET :   1 (ni-nsls.data)
 ------------------------------------------------------------------------------
 Date range in r [A]   :   0.0200 ->  20.0000      Step dr  :   0.0200
 Calculated range      :   0.0200 ->  14.8182
 Refinement r range    :   0.5000 ->  13.0000      Data pts :    25 ->   650

 Experimental settings : 
   Radiation           :   X-Rays   (at  0.0000 A**-1)
   Termination at Qmax :         22.0000 A**-1
   Q resolution sigQ   :      0.0301(19) A**-1
   Scale factor        :        1.502(7)

 Selected atoms for PDF calculation : 
   Atoms (i)  : NI  
   Atoms (j)  : NI  

 Selected phases for this data set :   1
 ------------------------------------------------------------------------------
 DATA SET :   2 (ni-inhs.data)
 ------------------------------------------------------------------------------
 Date range in r [A]   :   0.0100 ->  19.9900      Step dr  :   0.0100
 Calculated range      :   0.0100 ->  15.5000
 Refinement r range    :   0.5000 ->  13.0000      Data pts :    50 ->  1300

 Experimental settings : 
   Radiation           :   X-Rays   (at  0.0000 A**-1)
   Termination at Qmax :         16.0000 A**-1
   Q resolution sigQ   :          0.0(4) A**-1
   Scale factor        :        1.09(15)

 Selected atoms for PDF calculation : 
   Atoms (i)  : NI  
   Atoms (j)  : NI  

 Selected phases for this data set :   1
 ------------------------------------------------------------------------------
 PARAMETER INFORMATION :
 ------------------------------------------------------------------------------
 Maximum number of parameters :    53
 Number of refined parameters :     7

 Refinement parameters :
      1:     3.52002(14)     2:    0.005114(18)    10:        1.502(7)
     11:        1.09(15)    12:      0.0301(19)    13:          0.0(4)
     14:        0.118(6)
 ------------------------------------------------------------------------------
 REFINEMENT INFORMATION :
 ------------------------------------------------------------------------------
 Maximum # of iterations :        5
 Iterations carried out  :        2
 Magic number URF        :     10.00000000
 R-values -     expected :      0.03024698
                weighted :      0.14696683
       change last cycle :     -0.00811420

 Correlations greater than 0.8 : 

   *** none ***
 ==============================================================================
